[22:25:36] [main/INFO]: Loading Minecraft 1.16 with Fabric Loader 0.16.3
[22:25:36] [main/INFO]: Loading 4 mods:
	- fabricloader 0.16.3
	   \-- mixinextras 0.4.1
	- java 11
	- minecraft 1.16
[22:25:36] [main/INFO]: SpongePowered MIXIN Subsystem Version=0.8.7 Source=file:/workspaces/justinweko/servidor_minecraft/libraries/net/fabricmc/sponge-mixin/0.15.2+mixin.0.8.7/sponge-mixin-0.15.2+mixin.0.8.7.jar Service=Knot/Fabric Env=SERVER
[22:25:40] [main/INFO]: Environment: authHost='https://authserver.mojang.com', accountsHost='https://api.mojang.com', sessionHost='https://sessionserver.mojang.com', name='PROD'
[22:25:41] [main/WARN]: Ambiguity between arguments [teleport, destination] and [teleport, targets] with inputs: [Player, 0123, @e, dd12be42-52a9-4a91-a8a1-11c01849e498]
[22:25:41] [main/WARN]: Ambiguity between arguments [teleport, location] and [teleport, destination] with inputs: [0.1 -0.5 .9, 0 0 0]
[22:25:41] [main/WARN]: Ambiguity between arguments [teleport, location] and [teleport, targets] with inputs: [0.1 -0.5 .9, 0 0 0]
[22:25:41] [main/WARN]: Ambiguity between arguments [teleport, targets] and [teleport, destination] with inputs: [Player, 0123, dd12be42-52a9-4a91-a8a1-11c01849e498]
[22:25:41] [main/WARN]: Ambiguity between arguments [teleport, targets, location] and [teleport, targets, destination] with inputs: [0.1 -0.5 .9, 0 0 0]
[22:25:41] [main/INFO]: Reloading ResourceManager: Default
[22:25:42] [Worker-Main-4/INFO]: Loaded 7 recipes
[22:25:42] [Worker-Main-4/INFO]: Loaded 927 advancements
[22:25:43] [Server thread/INFO]: Starting minecraft server version 1.16
[22:25:43] [Server thread/INFO]: Loading properties
[22:25:43] [Server thread/INFO]: Default game type: SURVIVAL
[22:25:43] [Server thread/INFO]: Generating keypair
[22:25:44] [Server thread/INFO]: Starting Minecraft server on *:25565
[22:25:44] [Server thread/INFO]: Using epoll channel type
[22:25:44] [Server thread/WARN]: **** SERVER IS RUNNING IN OFFLINE/INSECURE MODE!
[22:25:44] [Server thread/WARN]: The server will make no attempt to authenticate usernames. Beware.
[22:25:44] [Server thread/WARN]: While this makes the game possible to play without internet access, it also opens up the ability for hackers to connect with any username they choose.
[22:25:44] [Server thread/WARN]: To change this, set "online-mode" to "true" in the server.properties file.
[22:25:44] [Server thread/INFO]: Preparing level "world"
[22:25:49] [Server thread/INFO]: Preparing start region for dimension minecraft:overworld
[22:25:50] [Worker-Main-4/INFO]: Preparing spawn area: 0%
[22:25:50] [Worker-Main-6/INFO]: Preparing spawn area: 0%
[22:25:50] [Worker-Main-5/INFO]: Preparing spawn area: 0%
[22:25:51] [Worker-Main-4/INFO]: Preparing spawn area: 0%
[22:25:51] [Worker-Main-6/INFO]: Preparing spawn area: 1%
[22:25:52] [Worker-Main-6/INFO]: Preparing spawn area: 3%
[22:25:52] [Worker-Main-6/INFO]: Preparing spawn area: 3%
[22:25:53] [Worker-Main-6/INFO]: Preparing spawn area: 4%
[22:25:53] [Worker-Main-6/INFO]: Preparing spawn area: 4%
[22:25:54] [Worker-Main-6/INFO]: Preparing spawn area: 4%
[22:25:54] [Worker-Main-5/INFO]: Preparing spawn area: 4%
[22:25:55] [Worker-Main-6/INFO]: Preparing spawn area: 9%
[22:25:55] [Worker-Main-6/INFO]: Preparing spawn area: 9%
[22:25:56] [Worker-Main-6/INFO]: Preparing spawn area: 9%
[22:25:56] [Worker-Main-5/INFO]: Preparing spawn area: 16%
[22:25:57] [Worker-Main-6/INFO]: Preparing spawn area: 17%
[22:25:57] [Worker-Main-4/INFO]: Preparing spawn area: 19%
[22:25:58] [Worker-Main-5/INFO]: Preparing spawn area: 19%
[22:25:58] [Worker-Main-5/INFO]: Preparing spawn area: 24%
[22:25:59] [Worker-Main-4/INFO]: Preparing spawn area: 25%
[22:25:59] [Worker-Main-5/INFO]: Preparing spawn area: 25%
[22:26:00] [Worker-Main-6/INFO]: Preparing spawn area: 30%
[22:26:00] [Worker-Main-6/INFO]: Preparing spawn area: 30%
[22:26:01] [Worker-Main-5/INFO]: Preparing spawn area: 31%
[22:26:01] [Worker-Main-6/INFO]: Preparing spawn area: 35%
[22:26:02] [Worker-Main-5/INFO]: Preparing spawn area: 38%
[22:26:02] [Worker-Main-5/INFO]: Preparing spawn area: 39%
[22:26:03] [Worker-Main-4/INFO]: Preparing spawn area: 41%
[22:26:03] [Worker-Main-5/INFO]: Preparing spawn area: 43%
[22:26:04] [Worker-Main-5/INFO]: Preparing spawn area: 44%
[22:26:05] [Worker-Main-6/INFO]: Preparing spawn area: 47%
[22:26:05] [Worker-Main-6/INFO]: Preparing spawn area: 51%
[22:26:05] [Worker-Main-5/INFO]: Preparing spawn area: 55%
[22:26:06] [Worker-Main-5/INFO]: Preparing spawn area: 56%
[22:26:06] [Worker-Main-4/INFO]: Preparing spawn area: 56%
[22:26:07] [Worker-Main-6/INFO]: Preparing spawn area: 62%
[22:26:08] [Worker-Main-5/INFO]: Preparing spawn area: 68%
[22:26:08] [Worker-Main-6/INFO]: Preparing spawn area: 72%
[22:26:09] [Worker-Main-6/INFO]: Preparing spawn area: 74%
[22:26:09] [Worker-Main-6/INFO]: Preparing spawn area: 78%
[22:26:09] [Worker-Main-5/INFO]: Preparing spawn area: 82%
[22:26:10] [Worker-Main-5/INFO]: Preparing spawn area: 84%
[22:26:12] [Worker-Main-6/INFO]: Preparing spawn area: 88%
[22:26:12] [Worker-Main-6/INFO]: Preparing spawn area: 88%
[22:26:12] [Worker-Main-6/INFO]: Preparing spawn area: 88%
[22:26:12] [Server thread/INFO]: Time elapsed: 22261 ms
[22:26:12] [Server thread/INFO]: Done (27.363s)! For help, type "help"
[22:29:37] [Server thread/INFO]: /advancement (grant|revoke)
[22:29:37] [Server thread/INFO]: /attribute <target> <attribute> (base|get|modifier)
[22:29:37] [Server thread/INFO]: /ban <targets> [<reason>]
[22:29:37] [Server thread/INFO]: /ban-ip <target> [<reason>]
[22:29:37] [Server thread/INFO]: /banlist [ips|players]
[22:29:37] [Server thread/INFO]: /bossbar (add|get|list|remove|set)
[22:29:37] [Server thread/INFO]: /clear [<targets>]
[22:29:37] [Server thread/INFO]: /clone <begin> <end> <destination> [filtered|masked|replace]
[22:29:37] [Server thread/INFO]: /data (get|merge|modify|remove)
[22:29:37] [Server thread/INFO]: /datapack (disable|enable|list)
[22:29:37] [Server thread/INFO]: /debug (report|start|stop)
[22:29:37] [Server thread/INFO]: /defaultgamemode (adventure|creative|spectator|survival)
[22:29:37] [Server thread/INFO]: /deop <targets>
[22:29:37] [Server thread/INFO]: /difficulty [easy|hard|normal|peaceful]
[22:29:37] [Server thread/INFO]: /effect (clear|give)
[22:29:37] [Server thread/INFO]: /enchant <targets> <enchantment> [<level>]
[22:29:37] [Server thread/INFO]: /execute (align|anchored|as|at|facing|if|in|positioned|rotated|run|store|unless)
[22:29:37] [Server thread/INFO]: /experience (add|query|set)
[22:29:37] [Server thread/INFO]: /fill <from> <to> <block> [destroy|hollow|keep|outline|replace]
[22:29:37] [Server thread/INFO]: /forceload (add|query|remove)
[22:29:37] [Server thread/INFO]: /function <name>
[22:29:37] [Server thread/INFO]: /gamemode (adventure|creative|spectator|survival)
[22:29:37] [Server thread/INFO]: /gamerule (announceAdvancements|commandBlockOutput|disableElytraMovementCheck|disableRaids|doDaylightCycle|doEntityDrops|doFireTick|doImmediateRespawn|doInsomnia|doLimitedCrafting|doMobLoot|doMobSpawning|doPatrolSpawning|doTileDrops|doTraderSpawning|doWeatherCycle|drowningDamage|fallDamage|fireDamage|forgiveDeadPlayers|keepInventory|logAdminCommands|maxCommandChainLength|maxEntityCramming|mobGriefing|naturalRegeneration|randomTickSpeed|reducedDebugInfo|sendCommandFeedback|showDeathMessages|spawnRadius|spectatorsGenerateChunks|universalAnger)
[22:29:37] [Server thread/INFO]: /give <targets> <item> [<count>]
[22:29:37] [Server thread/INFO]: /help [<command>]
[22:29:37] [Server thread/INFO]: /kick <targets> [<reason>]
[22:29:37] [Server thread/INFO]: /kill [<targets>]
[22:29:37] [Server thread/INFO]: /list [uuids]
[22:29:37] [Server thread/INFO]: /locate (bastion_remnant|buried_treasure|desert_pyramid|endcity|fortress|igloo|jungle_pyramid|mansion|mineshaft|monument|nether_fossil|ocean_ruin|pillager_outpost|ruined_portal|shipwreck|stronghold|swamp_hut|village)
[22:29:37] [Server thread/INFO]: /locatebiome <biome>
[22:29:37] [Server thread/INFO]: /loot (give|insert|replace|spawn)
[22:29:37] [Server thread/INFO]: /me <action>
[22:29:37] [Server thread/INFO]: /msg <targets> <message>
[22:29:37] [Server thread/INFO]: /op <targets>
[22:29:37] [Server thread/INFO]: /pardon <targets>
[22:29:37] [Server thread/INFO]: /pardon-ip <target>
[22:29:37] [Server thread/INFO]: /particle <name> [<pos>]
[22:29:37] [Server thread/INFO]: /playsound <sound> (ambient|block|hostile|master|music|neutral|player|record|voice|weather)
[22:29:37] [Server thread/INFO]: /recipe (give|take)
[22:29:37] [Server thread/INFO]: /reload
[22:29:37] [Server thread/INFO]: /replaceitem (block|entity)
[22:29:37] [Server thread/INFO]: /save-all [flush]
[22:29:37] [Server thread/INFO]: /save-off
[22:29:37] [Server thread/INFO]: /save-on
[22:29:37] [Server thread/INFO]: /say <message>
[22:29:37] [Server thread/INFO]: /schedule (clear|function)
[22:29:37] [Server thread/INFO]: /scoreboard (objectives|players)
[22:29:37] [Server thread/INFO]: /seed
[22:29:37] [Server thread/INFO]: /setblock <pos> <block> [destroy|keep|replace]
[22:29:37] [Server thread/INFO]: /setidletimeout <minutes>
[22:29:37] [Server thread/INFO]: /setworldspawn [<pos>]
[22:29:37] [Server thread/INFO]: /spawnpoint [<targets>]
[22:29:37] [Server thread/INFO]: /spectate [<target>]
[22:29:37] [Server thread/INFO]: /spreadplayers <center> <spreadDistance> <maxRange> (under|<respectTeams>)
[22:29:37] [Server thread/INFO]: /stop
[22:29:37] [Server thread/INFO]: /stopsound <targets> [*|ambient|block|hostile|master|music|neutral|player|record|voice|weather]
[22:29:37] [Server thread/INFO]: /summon <entity> [<pos>]
[22:29:37] [Server thread/INFO]: /tag <targets> (add|list|remove)
[22:29:37] [Server thread/INFO]: /team (add|empty|join|leave|list|modify|remove)
[22:29:37] [Server thread/INFO]: /teammsg <message>
[22:29:37] [Server thread/INFO]: /teleport (<destination>|<location>|<targets>)
[22:29:37] [Server thread/INFO]: /tell -> msg
[22:29:37] [Server thread/INFO]: /tellraw <targets> <message>
[22:29:37] [Server thread/INFO]: /time (add|query|set)
[22:29:37] [Server thread/INFO]: /title <targets> (actionbar|clear|reset|subtitle|times|title)
[22:29:37] [Server thread/INFO]: /tm -> teammsg
[22:29:37] [Server thread/INFO]: /tp -> teleport
[22:29:37] [Server thread/INFO]: /trigger <objective> [add|set]
[22:29:37] [Server thread/INFO]: /w -> msg
[22:29:37] [Server thread/INFO]: /weather (clear|rain|thunder)
[22:29:37] [Server thread/INFO]: /whitelist (add|list|off|on|reload|remove)
[22:29:37] [Server thread/INFO]: /worldborder (add|center|damage|get|set|warning)
[22:29:37] [Server thread/INFO]: /xp -> experience
